<?xml version="1.0" encoding="UTF-8"?>
<!-- Generated by org.testng.reporters.JUnitReportReporter -->
<testsuite hostname="DESKTOP-BI4GJS1" failures="0" tests="1" name="mavnPlug.OneTest" time="0.016" errors="0" timestamp="2023-07-12T14:53:38 PDT" skipped="0">
  <testcase classname="mavnPlug.OneTest" name="one" time="0.016"/>
  <system-out/>
</testsuite> <!-- mavnPlug.OneTest -->
