<?xml version="1.0" encoding="UTF-8"?>
<!-- Generated by org.testng.reporters.JUnitReportReporter -->
<testsuite hostname="DESKTOP-BI4GJS1" failures="0" tests="1" name="gpack.Classsix" time="0.001" errors="0" timestamp="2023-06-06T15:30:05 PDT" skipped="0">
  <testcase classname="gpack.Classsix" name="testSix" time="0.001"/>
  <system-out/>
</testsuite> <!-- gpack.Classsix -->
