<?xml version="1.0" encoding="UTF-8"?>
<!-- Generated by org.testng.reporters.JUnitReportReporter -->
<testsuite hostname="DESKTOP-BI4GJS1" failures="0" tests="1" name="mavnPlug.FiveTest" time="0.001" errors="0" timestamp="2023-07-04T06:41:21 PDT" skipped="0">
  <testcase classname="mavnPlug.FiveTest" name="five" time="0.001"/>
</testsuite> <!-- mavnPlug.FiveTest -->
