<?xml version="1.0" encoding="UTF-8"?>
<!-- Generated by org.testng.reporters.JUnitReportReporter -->
<testsuite hostname="DESKTOP-BI4GJS1" failures="0" tests="3" name="tpack.Classthree" time="0.009" errors="0" timestamp="2023-06-06T15:30:05 PDT" skipped="0">
  <testcase classname="tpack.Classthree" name="testNine" time="0.003"/>
  <system-out/>
  <testcase classname="tpack.Classthree" name="testFourteen" time="0.003"/>
  <system-out/>
  <testcase classname="tpack.Classthree" name="testThree" time="0.003"/>
  <system-out/>
</testsuite> <!-- tpack.Classthree -->
