<?xml version="1.0" encoding="UTF-8"?>
<!-- Generated by org.testng.reporters.JUnitReportReporter -->
<testsuite hostname="DESKTOP-BI4GJS1" failures="0" tests="2" name="tpack.Classtwo" time="0.007" errors="0" timestamp="2023-06-06T15:30:05 PDT" skipped="0">
  <testcase classname="tpack.Classtwo" name="testTwo" time="0.002"/>
  <system-out/>
  <testcase classname="tpack.Classtwo" name="testSev" time="0.005"/>
  <system-out/>
</testsuite> <!-- tpack.Classtwo -->
