<?xml version="1.0" encoding="UTF-8"?>
<!-- Generated by org.testng.reporters.JUnitReportReporter -->
<testsuite hostname="DESKTOP-BI4GJS1" failures="0" tests="3" name="tpack.Classone" time="0.009" errors="0" timestamp="2023-06-06T15:30:05 PDT" skipped="0">
  <testcase classname="tpack.Classone" name="testTen" time="0.003"/>
  <system-out/>
  <testcase classname="tpack.Classone" name="testOne" time="0.004"/>
  <system-out/>
  <testcase classname="tpack.Classone" name="testElev" time="0.002"/>
  <system-out/>
</testsuite> <!-- tpack.Classone -->
