<?xml version="1.0" encoding="UTF-8"?>
<!-- Generated by org.testng.reporters.JUnitReportReporter -->
<testsuite hostname="DESKTOP-BI4GJS1" failures="0" tests="1" name="tests.HomeTest" time="13.512" errors="0" timestamp="2023-07-17T11:52:30 PDT" skipped="0">
  <testcase classname="tests.HomeTest" name="verifyHome" time="13.512"/>
</testsuite> <!-- tests.HomeTest -->
