<?xml version="1.0" encoding="UTF-8"?>
<!-- Generated by org.testng.reporters.JUnitReportReporter -->
<testsuite hostname="DESKTOP-BI4GJS1" failures="0" tests="2" name="tests.LoginTest" time="36.220" errors="0" timestamp="2023-07-13T14:41:20 PDT" skipped="0">
  <testcase classname="tests.LoginTest" name="login" time="25.127"/>
  <testcase classname="tests.LoginTest" name="login" time="11.093"/>
  <system-out>
    <![CDATA[Your account is created element is displayed]]>
  </system-out>
</testsuite> <!-- tests.LoginTest -->
